[2015.10.15-08.48.15:493][  0]Log file open, 10/15/15 17:48:15
[2015.10.15-08.48.15:493][  0]LogInit:Display: Running engine for game: AI
[2015.10.15-08.48.15:493][  0]LogInit:Display: RandInit(214410957) SRandInit(214410957).
[2015.10.15-08.48.15:493][  0]LogTaskGraph: Started task graph with 4 named threads and 5 total threads.
[2015.10.15-08.48.15:493][  0]LogStats: Stats thread started at 0.082454
[2015.10.15-08.48.15:493][  0]LogInit: Version: 4.9.2-2707645+++depot+UE4-Releases+4.9
[2015.10.15-08.48.15:493][  0]LogInit: API Version: 2672455
[2015.10.15-08.48.15:493][  0]LogInit: Compiled (64-bit): Sep 28 2015 10:25:44
[2015.10.15-08.48.15:493][  0]LogInit: Compiled with Visual C++: 18.00.21005.01
[2015.10.15-08.48.15:493][  0]LogInit: Build Configuration: Development
[2015.10.15-08.48.15:493][  0]LogInit: Branch Name: ++depot+UE4-Releases+4.9
[2015.10.15-08.48.15:493][  0]LogInit: Command line:  
[2015.10.15-08.48.15:493][  0]LogInit: Base directory: C:/Program Files/Epic Games/4.9/Engine/Binaries/Win64/
[2015.10.15-08.48.15:493][  0]LogInit: Rocket: 1
[2015.10.15-08.48.15:506][  0]LogInit: Using libcurl 7.41.0
[2015.10.15-08.48.15:506][  0]LogInit:  - built for x86_64-pc-win32
[2015.10.15-08.48.15:506][  0]LogInit:  - supports SSL with WinSSL
[2015.10.15-08.48.15:506][  0]LogInit:  - other features:
[2015.10.15-08.48.15:506][  0]LogInit:      CURL_VERSION_SSL
[2015.10.15-08.48.15:506][  0]LogInit:      CURL_VERSION_IPV6
[2015.10.15-08.48.15:506][  0]LogInit:      CURL_VERSION_ASYNCHDNS
[2015.10.15-08.48.15:506][  0]LogInit:      CURL_VERSION_LARGEFILE
[2015.10.15-08.48.15:506][  0]LogInit:      CURL_VERSION_IDN
[2015.10.15-08.48.15:506][  0]LogInit:  CurlRequestOptions (configurable via config and command line):
[2015.10.15-08.48.15:506][  0]LogInit:  - bVerifyPeer = true  - Libcurl will verify peer certificate
[2015.10.15-08.48.15:506][  0]LogInit:  - bUseHttpProxy = false  - Libcurl will NOT use HTTP proxy
[2015.10.15-08.48.15:506][  0]LogInit:  - bDontReuseConnections = false  - Libcurl will reuse connections
[2015.10.15-08.48.15:506][  0]LogInit:  - CertBundlePath = nullptr  - Libcurl will use whatever was configured at build time.
[2015.10.15-08.48.15:523][  0]LogInit: Presizing for 0 objects not considered by GC, pre-allocating 0 bytes.
[2015.10.15-08.48.15:541][  0]LogInit: Object subsystem initialized
[2015.10.15-08.48.15:544][  0]LogInit: Selected Device Profile: [Windows]
[2015.10.15-08.48.15:544][  0]LogInit: Applying CVar settings loaded from the selected device profile: [Windows]
[2015.10.15-08.48.15:567][  0]LogInit: Computer: KIM-PC
[2015.10.15-08.48.15:567][  0]LogInit: User: kim
[2015.10.15-08.48.15:567][  0]LogInit: CPU Page size=4096, Cores=2
[2015.10.15-08.48.15:567][  0]LogInit: High frequency timer resolution =1.656445 MHz
[2015.10.15-08.48.15:567][  0]LogMemory: Memory total: Physical=7.9GB (8GB approx)
[2015.10.15-08.48.15:568][  0]LogMemory: Platform Memory Stats for Windows
[2015.10.15-08.48.15:568][  0]LogMemory: Process Physical Memory: 54.42 MB used, 54.42 MB peak
[2015.10.15-08.48.15:568][  0]LogMemory: Process Virtual Memory: 58.53 MB used, 58.53 MB peak
[2015.10.15-08.48.15:568][  0]LogMemory: Physical Memory: 3114.55 MB used, 8074.31 MB total
[2015.10.15-08.48.15:568][  0]LogMemory: Virtual Memory: 335.69 MB used, 8388608.00 MB total
[2015.10.15-08.48.15:769][  0]LogTextLocalizationManager: No specific translations for ('ko-KR') exist, so ('ko') translations will be used.
[2015.10.15-08.48.15:859][  0]LogTextLocalizationManager:Warning: Loaded localization resources contain conflicting entries for (Namespace:UObjectToolTips, Key:AnimNode_AssetPlayerBase:InternalTimeAccumulator):
Localization Resource: (C:/Program Files/Epic Games/4.9/Engine/Content/Localization/EditorTutorials/ko/EditorTutorials.locres) Source String Hash: (502993589) Localized String: (이 노드에서 애셋을 레퍼런싱하는 데 사용되는 누적 시간입니다.)
Localization Resource: (C:/Program Files/Epic Games/4.9/Engine/Content/Localization/Engine/ko/Engine.locres) Source String Hash: (502993589) Localized String: (이 노드에서 애셋을 레퍼런싱하는 데 사용된 누적 시간입니다.)
[2015.10.15-08.48.15:859][  0]LogTextLocalizationManager:Warning: Loaded localization resources contain conflicting entries for (Namespace:UObjectToolTips, Key:AnimNode_AssetPlayerBase:bIgnoreForRelevancyTest):
Localization Resource: (C:/Program Files/Epic Games/4.9/Engine/Content/Localization/EditorTutorials/ko/EditorTutorials.locres) Source String Hash: (319969718) Localized String: (True 면, 스테이트에서 최고 가중치 애니메이션을 찾는 "Relevant anim" 노드는 이 노드를 무시합니다.
 )
Localization Resource: (C:/Program Files/Epic Games/4.9/Engine/Content/Localization/Engine/ko/Engine.locres) Source String Hash: (319969718) Localized String: (True 면 스테이트 내 최고 웨이팅된 애니메이션을 찾는 "Relevant anim" 노드가 무시됩니다.
 )
[2015.10.15-08.48.15:859][  0]LogTextLocalizationManager:Warning: Loaded localization resources contain conflicting entries for (Namespace:UObjectToolTips, Key:AnimNode_AssetPlayerBase:BlendWeight):
Localization Resource: (C:/Program Files/Epic Games/4.9/Engine/Content/Localization/EditorTutorials/ko/EditorTutorials.locres) Source String Hash: (-1232800293) Localized String: (이 노드에 마지막 걸린 블렌드웨이트 입니다.)
Localization Resource: (C:/Program Files/Epic Games/4.9/Engine/Content/Localization/Engine/ko/Engine.locres) Source String Hash: (-1232800293) Localized String: (이 노드에 대해 마지막 접한 블렌드 웨이트)
[2015.10.15-08.48.16:403][  0]LogD3D11RHI: Found D3D11 adapter 0: NVIDIA GeForce GT 645M   (Feature Level 11_0)
[2015.10.15-08.48.16:403][  0]LogD3D11RHI: Adapter has 972MB of dedicated video memory, 0MB of dedicated system memory, and 3072MB of shared system memory, 1 output[s]
[2015.10.15-08.48.16:440][  0]LogD3D11RHI: Found D3D11 adapter 1: NVIDIA GeForce GT 645M   (Feature Level 11_0)
[2015.10.15-08.48.16:440][  0]LogD3D11RHI: Adapter has 972MB of dedicated video memory, 0MB of dedicated system memory, and 3072MB of shared system memory, 0 output[s]
[2015.10.15-08.48.16:440][  0]LogD3D11RHI: Chosen D3D11 Adapter Id = 0
[2015.10.15-08.48.16:450][  0]LogD3D11RHI: !Direct3DDevice
[2015.10.15-08.48.16:450][  0]LogRHI: Texture pool is 1361 MB (70% of 1945 MB)
[2015.10.15-08.48.16:480][  0]LogD3D11RHI: Async texture creation enabled
[2015.10.15-08.48.16:498][  0]LogShaderCompilers: Guid format shader working directory is 15 characters bigger than the processId version (../../../../../../Users/kim/Documents/Unreal Projects/AI/Intermediate/Shaders/WorkingDirectory/5324/).
[2015.10.15-08.48.16:498][  0]LogShaderCompilers: Cleaned the shader compiler working directory '../../../../../../Users/kim/Documents/Unreal Projects/AI/Intermediate/Shaders/tmp/84345DCE4DEEA3803D3BF1B2AE2A1015/'.
[2015.10.15-08.48.16:498][  0]LogShaderCompilers:Display: Using Local Shader Compiler.
[2015.10.15-08.48.19:225][  0]LogTemp:Display: Loaded TP AllDesktopTargetPlatform
[2015.10.15-08.48.19:237][  0]LogTemp:Display: Loaded TP WindowsClientTargetPlatform
[2015.10.15-08.48.19:247][  0]LogTemp:Display: Loaded TP WindowsNoEditorTargetPlatform
[2015.10.15-08.48.19:258][  0]LogTemp:Display: Loaded TP WindowsServerTargetPlatform
[2015.10.15-08.48.19:269][  0]LogTemp:Display: Loaded TP WindowsTargetPlatform
[2015.10.15-08.48.19:276][  0]LogTemp:Display: Loaded TP AndroidTargetPlatform
[2015.10.15-08.48.19:283][  0]LogTemp:Display: Loaded TP Android_ASTCTargetPlatform
[2015.10.15-08.48.19:292][  0]LogTemp:Display: Loaded TP Android_ATCTargetPlatform
[2015.10.15-08.48.19:301][  0]LogTemp:Display: Loaded TP Android_DXTTargetPlatform
[2015.10.15-08.48.19:310][  0]LogTemp:Display: Loaded TP Android_ETC1TargetPlatform
[2015.10.15-08.48.19:318][  0]LogTemp:Display: Loaded TP Android_ETC2TargetPlatform
[2015.10.15-08.48.19:327][  0]LogTemp:Display: Loaded TP Android_PVRTCTargetPlatform
[2015.10.15-08.48.19:329][  0]LogTemp:Display: Loaded TP HTML5TargetPlatform
[2015.10.15-08.48.19:354][  0]LogTemp:Display: Loaded TP IOSTargetPlatform
[2015.10.15-08.48.19:362][  0]LogTemp:Display: Loaded TP LinuxNoEditorTargetPlatform
[2015.10.15-08.48.19:369][  0]LogTemp:Display: Loaded TP LinuxServerTargetPlatform
[2015.10.15-08.48.19:376][  0]LogTemp:Display: Loaded TP LinuxTargetPlatform
[2015.10.15-08.48.19:376][  0]LogTargetPlatformManager:Display: Building Assets For Windows
[2015.10.15-08.48.19:564][  0]LogDerivedDataCache:Display: Max Cache Size: 512 MB
[2015.10.15-08.48.19:634][  0]LogDerivedDataCache: Loaded boot cache 0.07s 41MB C:/Users/kim/AppData/Local/UnrealEngine/4.9/DerivedDataCache/Boot.ddc.
[2015.10.15-08.48.19:634][  0]LogDerivedDataCache:Display: Loaded Boot cache: C:/Users/kim/AppData/Local/UnrealEngine/4.9/DerivedDataCache/Boot.ddc
[2015.10.15-08.48.19:634][  0]LogDerivedDataCache: FDerivedDataBackendGraph:  Pak pak cache file ../../../../../../Users/kim/Documents/Unreal Projects/AI/DerivedDataCache/DDC.ddp not found, will not use a pak cache.
[2015.10.15-08.48.19:634][  0]LogDerivedDataCache: Unable to find inner node Pak for hierarchical cache Hierarchy.
[2015.10.15-08.48.19:634][  0]LogDerivedDataCache: FDerivedDataBackendGraph:  CompressedPak pak cache file ../../../../../../Users/kim/Documents/Unreal Projects/AI/DerivedDataCache/Compressed.ddp not found, will not use a pak cache.
[2015.10.15-08.48.19:634][  0]LogDerivedDataCache: Unable to find inner node CompressedPak for hierarchical cache Hierarchy.
[2015.10.15-08.48.19:880][  0]LogDerivedDataCache:Display: Pak cache opened for reading ../../../Engine/DerivedDataCache/Compressed.ddp.
[2015.10.15-08.48.19:892][  0]LogDerivedDataCache: Using Local data cache path C:/Users/kim/AppData/Local/UnrealEngine/Common/DerivedDataCache: Writable
[2015.10.15-08.48.20:424][  0]LogInit: Selected Device Profile: [Windows]
[2015.10.15-08.48.20:425][  0]LogContentStreaming: Texture pool size is 0.000000MB
[2015.10.15-08.48.20:473][  0]LogMeshUtilities: No automatic mesh reduction module available
[2015.10.15-08.48.20:473][  0]LogMeshUtilities: No automatic mesh merging module available
[2015.10.15-08.48.21:050][  0]LogInit: WinSock: version 1.1 (2.2), MaxSocks=32767, MaxUdp=65467
[2015.10.15-08.48.24:551][  0]UdpMessaging: Initializing bridge on interface 0.0.0.0:0 to multicast group 230.0.0.1:6666.
[2015.10.15-08.48.24:717][  0]LogAssetRegistry: FAssetRegistry took 0.0096 seconds to start up
[2015.10.15-08.48.25:043][  0]SourceControl: 정보 소스 콘트롤이 꺼졌습니다.
[2015.10.15-08.48.25:069][  0]SourceControl: 정보 소스 콘트롤이 꺼졌습니다.
[2015.10.15-08.48.25:085][  0]SourceControl: 정보 소스 콘트롤이 꺼졌습니다.
[2015.10.15-08.48.25:103][  0]SourceControl: 정보 소스 콘트롤이 꺼졌습니다.
[2015.10.15-08.48.25:369][  0]LogLinker:Warning: Asset '../../../Engine/Plugins/Runtime/LeapMotionController/Content/LM_PassthroughMaterial.uasset' has been saved with empty engine version. The asset will be loaded but may be incompatible.
[2015.10.15-08.48.25:481][  0]LogObj: 28361 objects as part of root set at end of initial load.
[2015.10.15-08.48.25:481][  0]LogUObjectAllocator: 6038864 out of 0 bytes used by permanent object pool.
[2015.10.15-08.48.25:564][  0]LogEngine: Initializing Engine...
[2015.10.15-08.48.25:579][  0]LogHMD: Can't find Oculus library dev build: is proper Runtime installed? Version: 0.7.0.0
[2015.10.15-08.48.25:580][  0]LogHMD: SteamVR failed to initialize.  Err: 110
[2015.10.15-08.48.25:809][  0]LogAIModule: Creating AISystem for world NewWorld
[2015.10.15-08.48.25:820][  0]LogInit: XAudio2 using '스피커(Realtek High Definition Audio)' : 2 channels at 48 kHz using 32 bits per sample (channel mask 0x3)
[2015.10.15-08.48.25:874][  0]LogInit: FAudioDevice initialized.
[2015.10.15-08.48.25:910][  0]LogDerivedDataCache: Saved boot cache 0.04s 41MB C:/Users/kim/AppData/Local/UnrealEngine/4.9/DerivedDataCache/Boot.ddc.
[2015.10.15-08.48.25:914][  0]LogInit: Texture streaming: Enabled
[2015.10.15-08.48.25:926][  0]LogAnalytics: Creating configured Analytics provider AnalyticsET
[2015.10.15-08.48.25:927][  0]LogAnalytics: [UEEditor.Rocket.Release] APIServer = http://et2.epicgames.com/ET2/. AppVersion = 4.9.2-2707645+++depot+UE4-Releases+4.9
[2015.10.15-08.48.25:927][  0]LogAnalytics: [UEEditor.Rocket.Release] SetUserId 99b069eb4ffa8727bc628380690616ac|de2246925553480ea8dd9ffadd16648f|76c169bf-a22c-4b42-9f37-0940b9cfcb94
[2015.10.15-08.48.25:927][  0]LogAnalytics: [UEEditor.Rocket.Release] AnalyticsET::StartSession
[2015.10.15-08.48.25:969][  0]LogInit: Transaction tracking system initialized
[2015.10.15-08.48.26:055][  0]BlueprintLog: New page: 에디터 로드
[2015.10.15-08.48.26:258][  0]LocalizationService: 정보 현지화 서비스가 비활성화되었습니다.
[2015.10.15-08.48.26:396][  0]LogLinker:Warning: '/Game/FirstPersonBP/FirstPersonOverview' 파일을 찾을 수 없습니다.
[2015.10.15-08.48.26:397][  0]LogLinker:Warning: '/Game/FirstPersonBP/FirstPersonOverview' 파일을 찾을 수 없습니다.
[2015.10.15-08.48.26:397][  0]LogUObjectGlobals:Warning: 'Class /Game/FirstPersonBP/FirstPersonOverview.FirstPersonOverview_C' 오브젝트를 찾는 데 실패했습니다.
[2015.10.15-08.48.26:743][  0]LogConsoleResponse:Display: 
[2015.10.15-08.48.27:035][  0]LogCook:Display: Done creating registry. It took  0.00s.
[2015.10.15-08.48.27:181][  0]LogFileCache: Scanning file cache for directory 'C:/Users/kim/Documents/Unreal Projects/AI/Content/' took 0.04s
[2015.10.15-08.48.27:181][  0]SourceControl: 정보 소스 콘트롤이 꺼졌습니다.
[2015.10.15-08.48.27:181][  0]Cmd: MAP LOAD FILE="../../../Engine/Content/Maps/Templates/Template_Default.umap" TEMPLATE=1 SHOWPROGRESS=1 FEATURELEVEL=3
[2015.10.15-08.48.27:182][  0]LightingResults: New page: 라이팅 빌드
[2015.10.15-08.48.27:189][  0]MapCheck: New page: 맵 체크
[2015.10.15-08.48.27:189][  0]LightingResults: New page: 라이팅 빌드
[2015.10.15-08.48.27:219][  0]LogParticles: Destroying 0 GPU particle simulations for FXSystem 0x0000000020C2E480
[2015.10.15-08.48.28:865][  0]LogAIModule: Creating AISystem for world Untitled_1
[2015.10.15-08.48.28:875][  0]LogEditorServer: Finished looking for orphan Actors (0.000 secs)
[2015.10.15-08.48.28:888][  0]Cmd: MAP CHECKDEP NOCLEARLOG
[2015.10.15-08.48.28:994][  0]MapCheck: 정보 맵 체크 완료: 오류 0 회, 경고 0 회, 소요 시간 105.746ms.
[2015.10.15-08.48.28:994][  0]LogFileHelpers: Loading map 'Template_Default' took 1.813
[2015.10.15-08.48.29:167][  0]LogCollectionManager: Loaded 0 collections in 0.004476 seconds
[2015.10.15-08.48.29:200][  0]LogContentBrowser: Native class hierarchy populated in 0.0170 seconds. Added 1867 classes and 333 folders.
[2015.10.15-08.48.29:242][  0]LogFileCache: Scanning file cache for directory 'C:/Users/kim/Documents/Unreal Projects/AI/Saved/Collections/' took 0.03s
[2015.10.15-08.48.29:242][  0]LogFileCache: Scanning file cache for directory 'C:/Users/kim/Documents/Unreal Projects/AI/Content/Developers/kim/Collections/' took 0.02s
[2015.10.15-08.48.29:242][  0]LogFileCache: Scanning file cache for directory 'C:/Users/kim/Documents/Unreal Projects/AI/Content/Collections/' took 0.02s
[2015.10.15-08.48.29:242][  0]LogCollectionManager: Rebuilt the GUID cache for 0 collections in 0.000004 seconds
[2015.10.15-08.48.29:257][  0]LogContentBrowser: Native class hierarchy updated for 'WidgetCarousel' in 0.0006 seconds. Added 0 classes and 0 folders.
[2015.10.15-08.48.29:425][  0]LogContentBrowser: Native class hierarchy updated for 'AddContentDialog' in 0.0007 seconds. Added 0 classes and 0 folders.
[2015.10.15-08.48.29:433][  0]LogContentBrowser: Native class hierarchy updated for 'SceneOutliner' in 0.0006 seconds. Added 1 classes and 2 folders.
[2015.10.15-08.48.29:537][  0]LogCrashTracker: Crashtracker disabled due to settings.
[2015.10.15-08.48.29:544][  0]LogUObjectGlobals:Warning: 'Class 없음.' 오브젝트를 찾는 데 실패했습니다.
[2015.10.15-08.48.29:578][  0]LogLoad: Full Startup: 15.06 seconds (BP compile: 0.12 seconds)
[2015.10.15-08.48.29:661][  0]LogContentStreaming: Texture pool size now 400 MB
[2015.10.15-08.48.29:877][  0]LogRenderer: Reallocating scene render targets to support 712x372 (Frame:2).
[2015.10.15-08.48.31:434][  4]LogAssetRegistry: Asset discovery search completed in 6.7274 seconds
[2015.10.15-08.48.31:434][  4]LogCollectionManager: Rebuilt the object cache for 0 collections in 0.000001 seconds (found 0 objects)
[2015.10.15-08.48.31:434][  4]LogCollectionManager: Fixed up redirectors for 0 collections in 0.000036 seconds (updated 0 objects)
[2015.10.15-08.48.36:778][303]LogMaterial: Missing cached shader map for material DragDrop_Item_Texture_Mat, compiling. 
[2015.10.15-08.48.36:910][303]LogMaterial: Missing cached shader map for material DragDrop_Item_Texture_Mat, compiling. 
[2015.10.15-08.48.36:917][303]LogMaterial: 0.000030 seconds spent updating 1 materials, 1 interfaces, 0 instances, 0 with static permutations.
[2015.10.15-08.48.36:943][303]LogMaterial: Missing cached shader map for material FMatExpressionPreview MaterialExpressionTextureObject_0, compiling. 
[2015.10.15-08.48.40:948][397]Cmd: QUIT_EDITOR
[2015.10.15-08.48.41:405][397]LogExit: Preparing to exit.
[2015.10.15-08.48.41:609][397]LogExit: Editor shut down
[2015.10.15-08.48.41:609][397]LogExit: Transaction tracking system shut down
[2015.10.15-08.48.41:613][397]LogParticles: Destroying 0 GPU particle simulations for FXSystem 0x0000000012193920
[2015.10.15-08.48.41:613][397]LogParticles: Destroying 0 GPU particle simulations for FXSystem 0x000000001DDE3100
[2015.10.15-08.48.41:613][397]LogParticles: Destroying 0 GPU particle simulations for FXSystem 0x000000001B171C60
[2015.10.15-08.48.41:630][397]LogParticles: Destroying 0 GPU particle simulations for FXSystem 0x000000003D13D760
[2015.10.15-08.48.41:631][397]LogParticles: Destroying 0 GPU particle simulations for FXSystem 0x000000002D8425C0
[2015.10.15-08.48.41:835][397]LogExit: Object subsystem successfully closed.
[2015.10.15-08.48.41:853][397]LogD3D11RHI: Shutdown
[2015.10.15-08.48.41:853][397]LogD3D11RHI: CleanupD3DDevice
[2015.10.15-08.48.41:935][397]LogD3D11RHI: ~FD3D11DynamicRHI
[2015.10.15-08.48.41:975][397]LogModuleManager: Shutting down and abandoning module MaterialEditor (198)
[2015.10.15-08.48.41:975][397]LogModuleManager: Shutting down and abandoning module CrashTracker (197)
[2015.10.15-08.48.41:975][397]LogModuleManager: Shutting down and abandoning module SceneOutliner (196)
[2015.10.15-08.48.41:975][397]LogModuleManager: Shutting down and abandoning module SuperSearch (195)
[2015.10.15-08.48.41:975][397]LogModuleManager: Shutting down and abandoning module WidgetCarousel (194)
[2015.10.15-08.48.41:975][397]LogModuleManager: Shutting down and abandoning module AddContentDialog (193)
[2015.10.15-08.48.41:976][397]LogModuleManager: Shutting down and abandoning module EditorWidgets (192)
[2015.10.15-08.48.41:976][397]LogModuleManager: Shutting down and abandoning module CollectionManager (191)
[2015.10.15-08.48.41:976][397]LogModuleManager: Shutting down and abandoning module StatsViewer (190)
[2015.10.15-08.48.41:976][397]LogModuleManager: Shutting down and abandoning module FoliageEdit (189)
[2015.10.15-08.48.41:976][397]LogModuleManager: Shutting down and abandoning module LandscapeEditor (188)
[2015.10.15-08.48.41:977][397]LogModuleManager: Shutting down and abandoning module ActorPickerMode (187)
[2015.10.15-08.48.41:977][397]LogModuleManager: Shutting down and abandoning module GeometryMode (186)
[2015.10.15-08.48.41:977][397]LogModuleManager: Shutting down and abandoning module TextureAlignMode (185)
[2015.10.15-08.48.41:977][397]LogModuleManager: Shutting down and abandoning module BspMode (184)
[2015.10.15-08.48.41:977][397]LogModuleManager: Shutting down and abandoning module PlacementMode (183)
[2015.10.15-08.48.41:977][397]LogModuleManager: Shutting down and abandoning module AutomationWorker (182)
[2015.10.15-08.48.41:977][397]LogModuleManager: Shutting down and abandoning module CharacterAI (181)
[2015.10.15-08.48.41:977][397]LogModuleManager: Shutting down and abandoning module SmartSnapping (180)
[2015.10.15-08.48.41:977][397]LogModuleManager: Shutting down and abandoning module ViewportSnapping (179)
[2015.10.15-08.48.41:977][397]LogModuleManager: Shutting down and abandoning module LogVisualizer (178)
[2015.10.15-08.48.41:977][397]LogModuleManager: Shutting down and abandoning module GameProjectGeneration (177)
[2015.10.15-08.48.41:977][397]LogModuleManager: Shutting down and abandoning module IntroTutorials (176)
[2015.10.15-08.48.41:977][397]LogModuleManager: Shutting down and abandoning module EditorLiveStreaming (175)
[2015.10.15-08.48.41:977][397]LogModuleManager: Shutting down and abandoning module IOSPlatformEditor (174)
[2015.10.15-08.48.41:977][397]LogModuleManager: Shutting down and abandoning module HTML5PlatformEditor (173)
[2015.10.15-08.48.41:977][397]LogModuleManager: Shutting down and abandoning module AndroidDeviceDetection (172)
[2015.10.15-08.48.42:841][397]LogModuleManager: Shutting down and abandoning module AndroidPlatformEditor (171)
[2015.10.15-08.48.42:841][397]LogModuleManager: Shutting down and abandoning module IOSRuntimeSettings (170)
[2015.10.15-08.48.42:841][397]LogModuleManager: Shutting down and abandoning module AndroidRuntimeSettings (169)
[2015.10.15-08.48.42:841][397]LogModuleManager: Shutting down and abandoning module MergeActors (168)
[2015.10.15-08.48.42:841][397]LogModuleManager: Shutting down and abandoning module SizeMap (167)
[2015.10.15-08.48.42:841][397]LogModuleManager: Shutting down and abandoning module TreeMap (166)
[2015.10.15-08.48.42:841][397]LogModuleManager: Shutting down and abandoning module ReferenceViewer (165)
[2015.10.15-08.48.42:841][397]LogModuleManager: Shutting down and abandoning module LocalizationService (164)
[2015.10.15-08.48.42:841][397]LogModuleManager: Shutting down and abandoning module LocalizationDashboard (163)
[2015.10.15-08.48.42:841][397]LogModuleManager: Shutting down and abandoning module HardwareTargeting (162)
[2015.10.15-08.48.42:841][397]LogModuleManager: Shutting down and abandoning module DeviceProfileEditor (161)
[2015.10.15-08.48.42:841][397]LogModuleManager: Shutting down and abandoning module UndoHistory (160)
[2015.10.15-08.48.42:841][397]LogModuleManager: Shutting down and abandoning module GameplayTagsEditor (159)
[2015.10.15-08.48.42:841][397]LogModuleManager: Shutting down and abandoning module UserFeedback (158)
[2015.10.15-08.48.42:841][397]LogModuleManager: Shutting down and abandoning module XmlParser (157)
[2015.10.15-08.48.42:841][397]LogModuleManager: Shutting down and abandoning module Blutility (156)
[2015.10.15-08.48.42:841][397]LogModuleManager: Shutting down and abandoning module ProjectTargetPlatformEditor (155)
[2015.10.15-08.48.42:841][397]LogModuleManager: Shutting down and abandoning module ProjectSettingsViewer (154)
[2015.10.15-08.48.42:842][397]LogModuleManager: Shutting down and abandoning module InputBindingEditor (153)
[2015.10.15-08.48.42:842][397]LogModuleManager: Shutting down and abandoning module EditorSettingsViewer (152)
[2015.10.15-08.48.42:842][397]LogModuleManager: Shutting down and abandoning module SettingsEditor (151)
[2015.10.15-08.48.42:842][397]LogModuleManager: Shutting down and abandoning module ProjectLauncher (150)
[2015.10.15-08.48.42:842][397]LogModuleManager: Shutting down and abandoning module SessionFrontend (149)
[2015.10.15-08.48.42:842][397]LogModuleManager: Shutting down and abandoning module ProfilerClient (148)
[2015.10.15-08.48.42:842][397]LogModuleManager: Shutting down and abandoning module TargetDeviceServices (147)
[2015.10.15-08.48.42:842][397]LogModuleManager: Shutting down and abandoning module DeviceManager (146)
[2015.10.15-08.48.42:842][397]LogModuleManager: Shutting down and abandoning module AutomationController (145)
[2015.10.15-08.48.42:842][397]LogModuleManager: Shutting down and abandoning module AutomationWindow (144)
[2015.10.15-08.48.42:842][397]LogModuleManager: Shutting down and abandoning module Layers (143)
[2015.10.15-08.48.42:842][397]LogModuleManager: Shutting down and abandoning module ComponentVisualizers (142)
[2015.10.15-08.48.42:842][397]LogModuleManager: Shutting down and abandoning module DetailCustomizations (141)
[2015.10.15-08.48.42:842][397]LogModuleManager: Shutting down and abandoning module PackagesDialog (140)
[2015.10.15-08.48.42:842][397]LogModuleManager: Shutting down and abandoning module Persona (139)
[2015.10.15-08.48.42:842][397]LogModuleManager: Shutting down and abandoning module Kismet (138)
[2015.10.15-08.48.42:843][397]LogModuleManager: Shutting down and abandoning module GraphEditor (137)
[2015.10.15-08.48.42:843][397]LogModuleManager: Shutting down and abandoning module ClassViewer (136)
[2015.10.15-08.48.42:843][397]LogModuleManager: Shutting down and abandoning module Toolbox (135)
[2015.10.15-08.48.42:843][397]LogModuleManager: Shutting down and abandoning module ModuleUI (134)
[2015.10.15-08.48.42:843][397]LogModuleManager: Shutting down and abandoning module MovieSceneTools (133)
[2015.10.15-08.48.42:843][397]LogModuleManager: Shutting down and abandoning module OutputLog (132)
[2015.10.15-08.48.42:843][397]LogModuleManager: Shutting down and abandoning module GammaUI (131)
[2015.10.15-08.48.42:843][397]LogModuleManager: Shutting down and abandoning module Documentation (130)
[2015.10.15-08.48.42:843][397]LogModuleManager: Shutting down and abandoning module GameLiveStreaming (129)
[2015.10.15-08.48.42:843][397]LogModuleManager: Shutting down and abandoning module StreamingPauseRendering (128)
[2015.10.15-08.48.42:843][397]LogModuleManager: Shutting down and abandoning module AnalyticsET (127)
[2015.10.15-08.48.42:843][397]LogModuleManager: Shutting down and abandoning module Analytics (126)
[2015.10.15-08.48.42:843][397]LogModuleManager: Shutting down and abandoning module AITestSuite (125)
[2015.10.15-08.48.42:843][397]LogModuleManager: Shutting down and abandoning module GameplayDebugger (124)
[2015.10.15-08.48.42:843][397]LogModuleManager: Shutting down and abandoning module AIModule (123)
[2015.10.15-08.48.42:843][397]LogModuleManager: Shutting down and abandoning module ProfilerService (122)
[2015.10.15-08.48.43:068][397]LogModuleManager: Shutting down and abandoning module TaskGraph (121)
[2015.10.15-08.48.43:068][397]LogModuleManager: Shutting down and abandoning module SlateRemote (120)
[2015.10.15-08.48.43:068][397]LogModuleManager: Shutting down and abandoning module SteamVRController (119)
[2015.10.15-08.48.43:068][397]LogModuleManager: Shutting down and abandoning module SteamVR (118)
[2015.10.15-08.48.43:068][397]LogModuleManager: Shutting down and abandoning module ProceduralMeshComponent (117)
[2015.10.15-08.48.43:068][397]LogModuleManager: Shutting down and abandoning module OculusRift (116)
[2015.10.15-08.48.43:068][397]LogModuleManager: Shutting down and abandoning module OculusLibrary (115)
[2015.10.15-08.48.43:068][397]LogModuleManager: Shutting down and abandoning module LeapMotionController (114)
[2015.10.15-08.48.43:088][397]LogModuleManager: Shutting down and abandoning module CustomMeshComponent (113)
[2015.10.15-08.48.43:088][397]LogModuleManager: Shutting down and abandoning module CableComponent (112)
[2015.10.15-08.48.43:088][397]LogModuleManager: Shutting down and abandoning module ArchVisCharacter (111)
[2015.10.15-08.48.43:088][397]LogModuleManager: Shutting down and abandoning module MessagingDebugger (110)
[2015.10.15-08.48.43:088][397]LogModuleManager: Shutting down and abandoning module MediaPlayerEditor (109)
[2015.10.15-08.48.43:088][397]LogModuleManager: Shutting down and abandoning module HTML5Networking (108)
[2015.10.15-08.48.43:088][397]LogModuleManager: Shutting down and abandoning module SpeedTreeImporter (107)
[2015.10.15-08.48.43:088][397]LogModuleManager: Shutting down and abandoning module PluginBrowser (106)
[2015.10.15-08.48.43:088][397]LogModuleManager: Shutting down and abandoning module EpicSurvey (105)
[2015.10.15-08.48.43:088][397]LogModuleManager: Shutting down and abandoning module DesktopPlatform (104)
[2015.10.15-08.48.43:088][397]LogModuleManager: Shutting down and abandoning module VisualStudioSourceCodeAccess (103)
[2015.10.15-08.48.43:088][397]LogModuleManager: Shutting down and abandoning module UObjectPlugin (102)
[2015.10.15-08.48.43:088][397]LogModuleManager: Shutting down and abandoning module SubversionSourceControl (101)
[2015.10.15-08.48.43:088][397]LogModuleManager: Shutting down and abandoning module PerforceSourceControl (100)
[2015.10.15-08.48.43:088][397]LogModuleManager: Shutting down and abandoning module SourceControl (99)
[2015.10.15-08.48.43:088][397]LogModuleManager: Shutting down and abandoning module GitSourceControl (98)
[2015.10.15-08.48.43:088][397]LogModuleManager: Shutting down and abandoning module LightPropagationVolumeEditor (97)
[2015.10.15-08.48.43:088][397]LogModuleManager: Shutting down and abandoning module PaperTiledImporter (96)
[2015.10.15-08.48.43:088][397]LogModuleManager: Shutting down and abandoning module PaperSpriteSheetImporter (95)
[2015.10.15-08.48.43:088][397]LogModuleManager: Shutting down and abandoning module MeshPaint (94)
[2015.10.15-08.48.43:088][397]LogModuleManager: Shutting down and abandoning module SlateReflector (93)
[2015.10.15-08.48.43:088][397]LogModuleManager: Shutting down and abandoning module HotReload (92)
[2015.10.15-08.48.43:089][397]LogModuleManager: Shutting down and abandoning module MainFrame (91)
[2015.10.15-08.48.43:089][397]LogModuleManager: Shutting down and abandoning module LevelEditor (90)
[2015.10.15-08.48.43:090][397]LogModuleManager: Shutting down and abandoning module DirectoryWatcher (89)
[2015.10.15-08.48.43:091][397]LogModuleManager: Shutting down and abandoning module AssetRegistry (88)
[2015.10.15-08.48.43:169][397]LogModuleManager: Shutting down and abandoning module ContentBrowser (87)
[2015.10.15-08.48.43:171][397]LogModuleManager: Shutting down and abandoning module Paper2DEditor (86)
[2015.10.15-08.48.43:171][397]LogModuleManager: Shutting down and abandoning module UdpMessaging (85)
[2015.10.15-08.48.43:271][397]LogModuleManager: Shutting down and abandoning module LightPropagationVolumeRuntime (84)
[2015.10.15-08.48.43:271][397]LogModuleManager: Shutting down and abandoning module Paper2D (83)
[2015.10.15-08.48.43:271][397]LogModuleManager: Shutting down and abandoning module WindowsMoviePlayer (82)
[2015.10.15-08.48.43:271][397]LogModuleManager: Shutting down and abandoning module Media (81)
[2015.10.15-08.48.43:271][397]LogModuleManager: Shutting down and abandoning module WmfMedia (80)
[2015.10.15-08.48.43:271][397]LogModuleManager: Shutting down and abandoning module OnlineBlueprintSupport (79)
[2015.10.15-08.48.43:271][397]LogModuleManager: Shutting down and abandoning module GameplayTasksEditor (78)
[2015.10.15-08.48.43:271][397]LogModuleManager: Shutting down and abandoning module PropertyEditor (77)
[2015.10.15-08.48.43:271][397]LogModuleManager: Shutting down and abandoning module BehaviorTreeEditor (76)
[2015.10.15-08.48.43:271][397]LogModuleManager: Shutting down and abandoning module FunctionalTesting (75)
[2015.10.15-08.48.43:271][397]LogModuleManager: Shutting down and abandoning module CollisionAnalyzer (74)
[2015.10.15-08.48.43:271][397]LogModuleManager: Shutting down and abandoning module WorkspaceMenuStructure (73)
[2015.10.15-08.48.43:271][397]LogModuleManager: Shutting down and abandoning module MessageLog (72)
[2015.10.15-08.48.43:272][397]LogModuleManager: Shutting down and abandoning module Sequencer (71)
[2015.10.15-08.48.43:272][397]LogModuleManager: Shutting down and abandoning module AssetTools (70)
[2015.10.15-08.48.43:272][397]LogModuleManager: Shutting down and abandoning module UMGEditor (69)
[2015.10.15-08.48.43:272][397]LogModuleManager: Shutting down and abandoning module UMG (68)
[2015.10.15-08.48.43:272][397]LogModuleManager: Shutting down and abandoning module Slate (67)
[2015.10.15-08.48.43:272][397]LogModuleManager: Shutting down and abandoning module EditorStyle (66)
[2015.10.15-08.48.43:278][397]LogModuleManager: Shutting down and abandoning module SessionServices (65)
[2015.10.15-08.48.43:278][397]LogModuleManager: Shutting down and abandoning module SourceCodeAccess (64)
[2015.10.15-08.48.43:278][397]LogModuleManager: Shutting down and abandoning module HeadMountedDisplay (63)
[2015.10.15-08.48.43:278][397]LogModuleManager: Shutting down and abandoning module XAudio2 (62)
[2015.10.15-08.48.43:278][397]LogModuleManager: Shutting down and abandoning module Networking (60)
[2015.10.15-08.48.43:278][397]LogModuleManager: Shutting down and abandoning module Core (59)
[2015.10.15-08.48.43:278][397]LogModuleManager: Shutting down and abandoning module KismetCompiler (58)
[2015.10.15-08.48.43:278][397]LogModuleManager: Shutting down and abandoning module PhysXFormats (57)
[2015.10.15-08.48.43:278][397]LogModuleManager: Shutting down and abandoning module MeshUtilities (56)
[2015.10.15-08.48.43:278][397]LogModuleManager: Shutting down and abandoning module CookingStats (55)
[2015.10.15-08.48.43:279][397]LogModuleManager: Shutting down and abandoning module DerivedDataCache (54)
[2015.10.15-08.48.43:387][397]LogDerivedDataCache: Shutdown
[2015.10.15-08.48.43:387][397]LogModuleManager: Shutting down and abandoning module ShaderFormatOpenGL (53)
[2015.10.15-08.48.43:387][397]LogModuleManager: Shutting down and abandoning module ShaderFormatD3D (52)
[2015.10.15-08.48.43:387][397]LogModuleManager: Shutting down and abandoning module MetalShaderFormat (51)
[2015.10.15-08.48.43:387][397]LogModuleManager: Shutting down and abandoning module TextureFormatUncompressed (50)
[2015.10.15-08.48.43:387][397]LogModuleManager: Shutting down and abandoning module TextureFormatPVR (49)
[2015.10.15-08.48.43:387][397]LogModuleManager: Shutting down and abandoning module TextureFormatIntelISPCTexComp (48)
[2015.10.15-08.48.43:387][397]LogModuleManager: Shutting down and abandoning module TextureFormatDXT (47)
[2015.10.15-08.48.43:387][397]LogModuleManager: Shutting down and abandoning module ImageWrapper (46)
[2015.10.15-08.48.43:387][397]LogModuleManager: Shutting down and abandoning module TextureFormatASTC (45)
[2015.10.15-08.48.43:387][397]LogModuleManager: Shutting down and abandoning module TextureFormatAndroid (44)
[2015.10.15-08.48.43:387][397]LogModuleManager: Shutting down and abandoning module AudioFormatOpus (43)
[2015.10.15-08.48.43:387][397]LogModuleManager: Shutting down and abandoning module AudioFormatOgg (42)
[2015.10.15-08.48.43:388][397]LogModuleManager: Shutting down and abandoning module AudioFormatADPCM (41)
[2015.10.15-08.48.43:388][397]LogModuleManager: Shutting down and abandoning module LinuxTargetPlatform (40)
[2015.10.15-08.48.43:388][397]LogModuleManager: Shutting down and abandoning module LinuxServerTargetPlatform (39)
[2015.10.15-08.48.43:388][397]LogModuleManager: Shutting down and abandoning module LinuxNoEditorTargetPlatform (38)
[2015.10.15-08.48.43:388][397]LogModuleManager: Shutting down and abandoning module Messaging (37)
[2015.10.15-08.48.43:388][397]LogModuleManager: Shutting down and abandoning module IOSTargetPlatform (36)
[2015.10.15-08.48.43:388][397]LogModuleManager: Shutting down and abandoning module HTML5TargetPlatform (35)
[2015.10.15-08.48.43:388][397]LogModuleManager: Shutting down and abandoning module Android_PVRTCTargetPlatform (34)
[2015.10.15-08.48.43:388][397]LogModuleManager: Shutting down and abandoning module Android_ETC2TargetPlatform (33)
[2015.10.15-08.48.43:388][397]LogModuleManager: Shutting down and abandoning module Android_ETC1TargetPlatform (32)
[2015.10.15-08.48.43:388][397]LogModuleManager: Shutting down and abandoning module Android_DXTTargetPlatform (31)
[2015.10.15-08.48.43:388][397]LogModuleManager: Shutting down and abandoning module Android_ATCTargetPlatform (30)
[2015.10.15-08.48.43:388][397]LogModuleManager: Shutting down and abandoning module Android_ASTCTargetPlatform (29)
[2015.10.15-08.48.43:388][397]LogModuleManager: Shutting down and abandoning module AndroidTargetPlatform (28)
[2015.10.15-08.48.43:388][397]LogModuleManager: Shutting down and abandoning module WindowsTargetPlatform (27)
[2015.10.15-08.48.43:388][397]LogModuleManager: Shutting down and abandoning module WindowsServerTargetPlatform (26)
[2015.10.15-08.48.43:388][397]LogModuleManager: Shutting down and abandoning module WindowsNoEditorTargetPlatform (25)
[2015.10.15-08.48.43:388][397]LogModuleManager: Shutting down and abandoning module WindowsClientTargetPlatform (24)
[2015.10.15-08.48.43:388][397]LogModuleManager: Shutting down and abandoning module AllDesktopTargetPlatform (23)
[2015.10.15-08.48.43:388][397]LogModuleManager: Shutting down and abandoning module TargetPlatform (22)
[2015.10.15-08.48.43:388][397]LogModuleManager: Shutting down and abandoning module InputCore (21)
[2015.10.15-08.48.43:388][397]LogModuleManager: Shutting down and abandoning module Settings (20)
[2015.10.15-08.48.43:388][397]LogModuleManager: Shutting down and abandoning module OnlineSubsystem (18)
[2015.10.15-08.48.43:388][397]LogModuleManager: Shutting down and abandoning module HTTP (17)
[2015.10.15-08.48.45:392][397]LogModuleManager: Shutting down and abandoning module XMPP (16)
[2015.10.15-08.48.45:392][397]LogModuleManager: Shutting down and abandoning module ExampleDeviceProfileSelector (15)
[2015.10.15-08.48.45:392][397]LogModuleManager: Shutting down and abandoning module TextureCompressor (14)
[2015.10.15-08.48.45:392][397]LogModuleManager: Shutting down and abandoning module ShaderCore (13)
[2015.10.15-08.48.45:392][397]LogModuleManager: Shutting down and abandoning module Landscape (12)
[2015.10.15-08.48.45:392][397]LogModuleManager: Shutting down and abandoning module SlateRHIRenderer (11)
[2015.10.15-08.48.45:394][397]LogModuleManager: Shutting down and abandoning module OpenGLDrv (10)
[2015.10.15-08.48.45:394][397]LogModuleManager: Shutting down and abandoning module D3D11RHI (9)
[2015.10.15-08.48.45:395][397]LogModuleManager: Shutting down and abandoning module AnimGraphRuntime (8)
[2015.10.15-08.48.45:395][397]LogModuleManager: Shutting down and abandoning module Renderer (7)
[2015.10.15-08.48.45:395][397]LogModuleManager: Shutting down and abandoning module Engine (6)
[2015.10.15-08.48.45:395][397]LogModuleManager: Shutting down and abandoning module CoreUObject (5)
[2015.10.15-08.48.45:395][397]LogModuleManager: Shutting down and abandoning module NetworkFile (4)
[2015.10.15-08.48.45:395][397]LogModuleManager: Shutting down and abandoning module StreamingFile (3)
[2015.10.15-08.48.45:395][397]LogModuleManager: Shutting down and abandoning module SandboxFile (2)
[2015.10.15-08.48.45:395][397]LogModuleManager: Shutting down and abandoning module PakFile (1)
[2015.10.15-08.48.45:395][397]LogExit: Exiting.
[2015.10.15-08.48.45:397][397]Log file closed, 10/15/15 17:48:45
